### Custom WaveView ADV log file, revision M-2017.03-SP1 (build May 20, ) ###
### created at 13:53:25 on Fri Oct 16 2020 (Linux AMD64) ###
### Host Name: itn0.rc.usf.edu   User ID: iliabautista   PID: 157898   ###
wv_start_log
# (0) running in waveview only mode
# (0) SW_SX_PERL_LIB defined
# (0) SW_SX_TCL_LIB defined
# (0) HOME defined
sx_open_sim_file_read {ptm7hp.tr0}
wv_expand_tree_item {Custom WaveView} {} {hierview} {D0:ptm7hp.tr0(0)} {+sep=@}
wv_select_tree_item {Custom WaveView} {} {hierview} {D0:ptm7hp.tr0(0)@toplevel(0)} {0} {+sep=@}
wv_select_list_item {Custom WaveView} {} {sigview} {v(wl_0)} 11
wv_dclick_list_item {Custom WaveView} {} {sigview} {v(wl_0)} 11
wv_select_list_item {Custom WaveView} {} {sigview} {v(blb_0)} 6
wv_drag_list_item {Custom WaveView} {} {sigview} {v(blb_0)} 6
wv_drag_list_item {Custom WaveView} {} {sigview} {v(blb_0)} 6
wv_select_list_item {Custom WaveView} {} {sigview} {v(bl_0)} 4
wv_dclick_list_item {Custom WaveView} {} {sigview} {v(bl_0)} 4
wv_select_list_item {Custom WaveView} {} {sigview} {v(blb_0)} 6
wv_dclick_list_item {Custom WaveView} {} {sigview} {v(blb_0)} 6
wv_select_list_item {Custom WaveView} {} {sigview} {v(blb_10)} 7
wv_dclick_list_item {Custom WaveView} {} {sigview} {v(blb_10)} 7
wv_select_tab {Custom WaveView} {} {RBMenu} {Bar.File}
wv_press_tool_button {Custom WaveView} {} {Exit0} 
wv_select_dialog {Confirmation} 
#wv_press_button {Confirmation} {} {Ok} 
