### Custom WaveView ADV log file, revision M-2017.03-SP1 (build May 20, ) ###
### created at 14:58:17 on Wed Apr 22 2020 (Linux AMD64) ###
### Host Name: itn3.rc.usf.edu   User ID: iliabautista   PID: 108976   ###
wv_start_log
# (0) running in waveview only mode
# (0) SW_SX_PERL_LIB defined
# (0) SW_SX_TCL_LIB defined
# (0) HOME defined
sx_open_sim_file_read {invcir.tr0}
wv_expand_tree_item {Custom WaveView} {} {hierview} {D0:invcir.tr0(0)} {+sep=@}
wv_drag_tree_item {Custom WaveView} {} {hierview} {D0:invcir.tr0(0)@toplevel(0)} {+sep=@}
wv_select_tree_item {Custom WaveView} {} {hierview} {D0:invcir.tr0(0)@toplevel(0)} {0} {+sep=@}
wv_drag_tree_item {Custom WaveView} {} {hierview} {D0:invcir.tr0(0)@toplevel(0)} {+sep=@}
wv_select_list_item {Custom WaveView} {} {sigview} {v(out)} 4
wv_dclick_list_item {Custom WaveView} {} {sigview} {v(out)} 4
wv_select_list_item {Custom WaveView} {} {sigview} {v(in)} 3
wv_dclick_list_item {Custom WaveView} {} {sigview} {v(in)} 3
wv_select_tab {Custom WaveView} {} {RBMenu} {Bar.File}
wv_press_tool_button {Custom WaveView} {} {Exit0} 
wv_select_dialog {Confirmation} 
#wv_press_button {Confirmation} {} {Ok} 
